<?xml version="1.0" encoding="UTF-8"?>
<!-- Generated by org.testng.reporters.JUnitXMLReporter -->
<testsuite ignored="0" hostname="DESKTOP-6QOO14N" failures="3" tests="23" name="crmproTest" time="418.551" errors="0" timestamp="2023-01-03T08:01:41 IST">
  <testcase classname="tasecases.callPageTest" name="@BeforeMethod tearUp" time="21.42">
    <failure type="org.openqa.selenium.TimeoutException" message="timeout: Timed out receiving message from renderer: -0.015
  (Session info: chrome=108.0.5359.125)
Build info: version: &amp;apos;4.6.0&amp;apos;, revision: &amp;apos;79f1c02ae20&amp;apos;
System info: os.name: &amp;apos;Windows 10&amp;apos;, os.arch: &amp;apos;amd64&amp;apos;, os.version: &amp;apos;10.0&amp;apos;, java.version: &amp;apos;18.0.1.1&amp;apos;
Driver info: org.openqa.selenium.chrome.ChromeDriver
Command: [f673371024546c0fe506a57d613c25f9, get {url=https://classic.crmpro.com/index.html}]
Capabilities {acceptInsecureCerts: false, browserName: chrome, browserVersion: 108.0.5359.125, chrome: {chromedriverVersion: 108.0.5359.71 (1e0e3868ee06..., userDataDir: C:\Users\user\AppData\Local...}, goog:chromeOptions: {debuggerAddress: localhost:51683}, networkConnectionEnabled: false, pageLoadStrategy: normal, platformName: WINDOWS, proxy: Proxy(), se:cdp: ws://localhost:51683/devtoo..., se:cdpVersion: 108.0.5359.125, setWindowRect: true, strictFileInteractability: false, timeouts: {implicit: 0, pageLoad: 300000, script: 30000}, unhandledPromptBehavior: dismiss and notify, webauthn:extension:credBlob: true, webauthn:extension:largeBlob: true, webauthn:virtualAuthenticators: true}
Session ID: f673371024546c0fe506a57d613c25f9">
      <![CDATA[org.openqa.selenium.TimeoutException: timeout: Timed out receiving message from renderer: -0.015
  (Session info: chrome=108.0.5359.125)
Build info: version: '4.6.0', revision: '79f1c02ae20'
System info: os.name: 'Windows 10', os.arch: 'amd64', os.version: '10.0', java.version: '18.0.1.1'
Driver info: org.openqa.selenium.chrome.ChromeDriver
Command: [f673371024546c0fe506a57d613c25f9, get {url=https://classic.crmpro.com/index.html}]
Capabilities {acceptInsecureCerts: false, browserName: chrome, browserVersion: 108.0.5359.125, chrome: {chromedriverVersion: 108.0.5359.71 (1e0e3868ee06..., userDataDir: C:\Users\user\AppData\Local...}, goog:chromeOptions: {debuggerAddress: localhost:51683}, networkConnectionEnabled: false, pageLoadStrategy: normal, platformName: WINDOWS, proxy: Proxy(), se:cdp: ws://localhost:51683/devtoo..., se:cdpVersion: 108.0.5359.125, setWindowRect: true, strictFileInteractability: false, timeouts: {implicit: 0, pageLoad: 300000, script: 30000}, unhandledPromptBehavior: dismiss and notify, webauthn:extension:credBlob: true, webauthn:extension:largeBlob: true, webauthn:virtualAuthenticators: true}
Session ID: f673371024546c0fe506a57d613c25f9
at org.openqa.selenium.remote.codec.w3c.W3CHttpResponseCodec.createException(W3CHttpResponseCodec.java:200)
at org.openqa.selenium.remote.codec.w3c.W3CHttpResponseCodec.decode(W3CHttpResponseCodec.java:133)
at org.openqa.selenium.remote.codec.w3c.W3CHttpResponseCodec.decode(W3CHttpResponseCodec.java:53)
at org.openqa.selenium.remote.HttpCommandExecutor.execute(HttpCommandExecutor.java:184)
at org.openqa.selenium.remote.service.DriverCommandExecutor.invokeExecute(DriverCommandExecutor.java:167)
at org.openqa.selenium.remote.service.DriverCommandExecutor.execute(DriverCommandExecutor.java:142)
at org.openqa.selenium.remote.RemoteWebDriver.execute(RemoteWebDriver.java:541)
at org.openqa.selenium.remote.RemoteWebDriver.get(RemoteWebDriver.java:310)
at crm.base.baseClass.browserInitialization(baseClass.java:62)
at tasecases.callPageTest.tearUp(callPageTest.java:28)
at java.base/java.util.ArrayList.forEach(ArrayList.java:1511)
... Removed 32 stack frames]]>
    </failure>
  </testcase> <!-- @BeforeMethod tearUp -->
  <testcase classname="tasecases.callPageTest" name="@AfterMethod logOut" time="-1.672713101298E9">
    <skipped/>
  </testcase> <!-- @AfterMethod logOut -->
  <testcase classname="tasecases.callPageTest" name="@BeforeMethod tearUp" time="-1.672713101301E9">
    <skipped/>
  </testcase> <!-- @BeforeMethod tearUp -->
  <testcase classname="tasecases.callPageTest" name="@AfterMethod logOut" time="-1.672713101304E9">
    <skipped/>
  </testcase> <!-- @AfterMethod logOut -->
  <testcase classname="tasecases.callPageTest" name="@BeforeMethod tearUp" time="-1.672713101347E9">
    <skipped/>
  </testcase> <!-- @BeforeMethod tearUp -->
  <testcase classname="tasecases.callPageTest" name="@AfterMethod logOut" time="-1.67271310135E9">
    <skipped/>
  </testcase> <!-- @AfterMethod logOut -->
  <testcase classname="tasecases.callPageTest" name="@BeforeMethod tearUp" time="-1.67271310135E9">
    <skipped/>
  </testcase> <!-- @BeforeMethod tearUp -->
  <testcase classname="tasecases.callPageTest" name="@AfterMethod logOut" time="-1.672713101358E9">
    <skipped/>
  </testcase> <!-- @AfterMethod logOut -->
  <testcase classname="tasecases.callPageTest" name="@BeforeMethod tearUp" time="-1.672713101359E9">
    <skipped/>
  </testcase> <!-- @BeforeMethod tearUp -->
  <testcase classname="tasecases.callPageTest" name="@AfterMethod logOut" time="-1.672713101361E9">
    <skipped/>
  </testcase> <!-- @AfterMethod logOut -->
  <testcase classname="tasecases.callPageTest" name="@AfterClass tearDown" time="-1.672713101362E9">
    <skipped/>
  </testcase> <!-- @AfterClass tearDown -->
  <testcase classname="tasecases.contactsPageTest" name="verifyTitleOfContactPageTest" time="2.447"/>
  <testcase classname="tasecases.contactsPageTest" name="verifyContactsPageLabelTest" time="1.911"/>
  <testcase classname="tasecases.contactsPageTest" name="selectContextTest" time="17.327">
    <failure type="org.openqa.selenium.NoSuchElementException" message="no such element: Unable to locate element: {&amp;quot;method&amp;quot;:&amp;quot;xpath&amp;quot;,&amp;quot;selector&amp;quot;:&amp;quot;//a[text()=&amp;apos;vaibhav thorat&amp;apos;]//parent::td[@class=&amp;apos;datalistrow&amp;apos;]//preceding-sibling::td[@class=&amp;apos;datalistrow&amp;apos;]//input[@name=&amp;apos;contact_id&amp;apos;]&amp;quot;}
  (Session info: chrome=108.0.5359.125)
For documentation on this error, please visit: https://selenium.dev/exceptions/#no_such_element
Build info: version: &amp;apos;4.6.0&amp;apos;, revision: &amp;apos;79f1c02ae20&amp;apos;
System info: os.name: &amp;apos;Windows 10&amp;apos;, os.arch: &amp;apos;amd64&amp;apos;, os.version: &amp;apos;10.0&amp;apos;, java.version: &amp;apos;18.0.1.1&amp;apos;
Driver info: org.openqa.selenium.chrome.ChromeDriver
Command: [0d952dcc6c6afbc66de4961f05caeab8, findElement {using=xpath, value=//a[text()=&amp;apos;vaibhav thorat&amp;apos;]//parent::td[@class=&amp;apos;datalistrow&amp;apos;]//preceding-sibling::td[@class=&amp;apos;datalistrow&amp;apos;]//input[@name=&amp;apos;contact_id&amp;apos;]}]
Capabilities {acceptInsecureCerts: false, browserName: chrome, browserVersion: 108.0.5359.125, chrome: {chromedriverVersion: 108.0.5359.71 (1e0e3868ee06..., userDataDir: C:\Users\user\AppData\Local...}, goog:chromeOptions: {debuggerAddress: localhost:50958}, networkConnectionEnabled: false, pageLoadStrategy: normal, platformName: WINDOWS, proxy: Proxy(), se:cdp: ws://localhost:50958/devtoo..., se:cdpVersion: 108.0.5359.125, setWindowRect: true, strictFileInteractability: false, timeouts: {implicit: 0, pageLoad: 300000, script: 30000}, unhandledPromptBehavior: dismiss and notify, webauthn:extension:credBlob: true, webauthn:extension:largeBlob: true, webauthn:virtualAuthenticators: true}
Session ID: 0d952dcc6c6afbc66de4961f05caeab8">
      <![CDATA[org.openqa.selenium.NoSuchElementException: no such element: Unable to locate element: {"method":"xpath","selector":"//a[text()='vaibhav thorat']//parent::td[@class='datalistrow']//preceding-sibling::td[@class='datalistrow']//input[@name='contact_id']"}
  (Session info: chrome=108.0.5359.125)
For documentation on this error, please visit: https://selenium.dev/exceptions/#no_such_element
Build info: version: '4.6.0', revision: '79f1c02ae20'
System info: os.name: 'Windows 10', os.arch: 'amd64', os.version: '10.0', java.version: '18.0.1.1'
Driver info: org.openqa.selenium.chrome.ChromeDriver
Command: [0d952dcc6c6afbc66de4961f05caeab8, findElement {using=xpath, value=//a[text()='vaibhav thorat']//parent::td[@class='datalistrow']//preceding-sibling::td[@class='datalistrow']//input[@name='contact_id']}]
Capabilities {acceptInsecureCerts: false, browserName: chrome, browserVersion: 108.0.5359.125, chrome: {chromedriverVersion: 108.0.5359.71 (1e0e3868ee06..., userDataDir: C:\Users\user\AppData\Local...}, goog:chromeOptions: {debuggerAddress: localhost:50958}, networkConnectionEnabled: false, pageLoadStrategy: normal, platformName: WINDOWS, proxy: Proxy(), se:cdp: ws://localhost:50958/devtoo..., se:cdpVersion: 108.0.5359.125, setWindowRect: true, strictFileInteractability: false, timeouts: {implicit: 0, pageLoad: 300000, script: 30000}, unhandledPromptBehavior: dismiss and notify, webauthn:extension:credBlob: true, webauthn:extension:largeBlob: true, webauthn:virtualAuthenticators: true}
Session ID: 0d952dcc6c6afbc66de4961f05caeab8
at org.openqa.selenium.remote.codec.w3c.W3CHttpResponseCodec.createException(W3CHttpResponseCodec.java:200)
at org.openqa.selenium.remote.codec.w3c.W3CHttpResponseCodec.decode(W3CHttpResponseCodec.java:133)
at org.openqa.selenium.remote.codec.w3c.W3CHttpResponseCodec.decode(W3CHttpResponseCodec.java:53)
at org.openqa.selenium.remote.HttpCommandExecutor.execute(HttpCommandExecutor.java:184)
at org.openqa.selenium.remote.service.DriverCommandExecutor.invokeExecute(DriverCommandExecutor.java:167)
at org.openqa.selenium.remote.service.DriverCommandExecutor.execute(DriverCommandExecutor.java:142)
at org.openqa.selenium.remote.RemoteWebDriver.execute(RemoteWebDriver.java:541)
at org.openqa.selenium.remote.ElementLocation$ElementFinder$2.findElement(ElementLocation.java:162)
at org.openqa.selenium.remote.ElementLocation.findElement(ElementLocation.java:60)
at org.openqa.selenium.remote.RemoteWebDriver.findElement(RemoteWebDriver.java:365)
at org.openqa.selenium.remote.RemoteWebDriver.findElement(RemoteWebDriver.java:357)
at crm.pages.ContactsPage.setectContactFromListByName(ContactsPage.java:40)
at tasecases.contactsPageTest.selectContextTest(contactsPageTest.java:64)
at java.base/java.util.ArrayList.forEach(ArrayList.java:1511)
... Removed 28 stack frames]]>
    </failure>
  </testcase> <!-- selectContextTest -->
  <testcase classname="tasecases.contactsPageTest" name="selectMultipleContactTest" time="17.086">
    <failure type="org.openqa.selenium.NoSuchElementException" message="no such element: Unable to locate element: {&amp;quot;method&amp;quot;:&amp;quot;xpath&amp;quot;,&amp;quot;selector&amp;quot;:&amp;quot;//a[text()=&amp;apos;vinod more&amp;apos;]//parent::td[@class=&amp;apos;datalistrow&amp;apos;]//preceding-sibling::td[@class=&amp;apos;datalistrow&amp;apos;]//input[@name=&amp;apos;contact_id&amp;apos;]&amp;quot;}
  (Session info: chrome=108.0.5359.125)
For documentation on this error, please visit: https://selenium.dev/exceptions/#no_such_element
Build info: version: &amp;apos;4.6.0&amp;apos;, revision: &amp;apos;79f1c02ae20&amp;apos;
System info: os.name: &amp;apos;Windows 10&amp;apos;, os.arch: &amp;apos;amd64&amp;apos;, os.version: &amp;apos;10.0&amp;apos;, java.version: &amp;apos;18.0.1.1&amp;apos;
Driver info: org.openqa.selenium.chrome.ChromeDriver
Command: [c92b779a115b59cf939b73748336ea3e, findElement {using=xpath, value=//a[text()=&amp;apos;vinod more&amp;apos;]//parent::td[@class=&amp;apos;datalistrow&amp;apos;]//preceding-sibling::td[@class=&amp;apos;datalistrow&amp;apos;]//input[@name=&amp;apos;contact_id&amp;apos;]}]
Capabilities {acceptInsecureCerts: false, browserName: chrome, browserVersion: 108.0.5359.125, chrome: {chromedriverVersion: 108.0.5359.71 (1e0e3868ee06..., userDataDir: C:\Users\user\AppData\Local...}, goog:chromeOptions: {debuggerAddress: localhost:51002}, networkConnectionEnabled: false, pageLoadStrategy: normal, platformName: WINDOWS, proxy: Proxy(), se:cdp: ws://localhost:51002/devtoo..., se:cdpVersion: 108.0.5359.125, setWindowRect: true, strictFileInteractability: false, timeouts: {implicit: 0, pageLoad: 300000, script: 30000}, unhandledPromptBehavior: dismiss and notify, webauthn:extension:credBlob: true, webauthn:extension:largeBlob: true, webauthn:virtualAuthenticators: true}
Session ID: c92b779a115b59cf939b73748336ea3e">
      <![CDATA[org.openqa.selenium.NoSuchElementException: no such element: Unable to locate element: {"method":"xpath","selector":"//a[text()='vinod more']//parent::td[@class='datalistrow']//preceding-sibling::td[@class='datalistrow']//input[@name='contact_id']"}
  (Session info: chrome=108.0.5359.125)
For documentation on this error, please visit: https://selenium.dev/exceptions/#no_such_element
Build info: version: '4.6.0', revision: '79f1c02ae20'
System info: os.name: 'Windows 10', os.arch: 'amd64', os.version: '10.0', java.version: '18.0.1.1'
Driver info: org.openqa.selenium.chrome.ChromeDriver
Command: [c92b779a115b59cf939b73748336ea3e, findElement {using=xpath, value=//a[text()='vinod more']//parent::td[@class='datalistrow']//preceding-sibling::td[@class='datalistrow']//input[@name='contact_id']}]
Capabilities {acceptInsecureCerts: false, browserName: chrome, browserVersion: 108.0.5359.125, chrome: {chromedriverVersion: 108.0.5359.71 (1e0e3868ee06..., userDataDir: C:\Users\user\AppData\Local...}, goog:chromeOptions: {debuggerAddress: localhost:51002}, networkConnectionEnabled: false, pageLoadStrategy: normal, platformName: WINDOWS, proxy: Proxy(), se:cdp: ws://localhost:51002/devtoo..., se:cdpVersion: 108.0.5359.125, setWindowRect: true, strictFileInteractability: false, timeouts: {implicit: 0, pageLoad: 300000, script: 30000}, unhandledPromptBehavior: dismiss and notify, webauthn:extension:credBlob: true, webauthn:extension:largeBlob: true, webauthn:virtualAuthenticators: true}
Session ID: c92b779a115b59cf939b73748336ea3e
at org.openqa.selenium.remote.codec.w3c.W3CHttpResponseCodec.createException(W3CHttpResponseCodec.java:200)
at org.openqa.selenium.remote.codec.w3c.W3CHttpResponseCodec.decode(W3CHttpResponseCodec.java:133)
at org.openqa.selenium.remote.codec.w3c.W3CHttpResponseCodec.decode(W3CHttpResponseCodec.java:53)
at org.openqa.selenium.remote.HttpCommandExecutor.execute(HttpCommandExecutor.java:184)
at org.openqa.selenium.remote.service.DriverCommandExecutor.invokeExecute(DriverCommandExecutor.java:167)
at org.openqa.selenium.remote.service.DriverCommandExecutor.execute(DriverCommandExecutor.java:142)
at org.openqa.selenium.remote.RemoteWebDriver.execute(RemoteWebDriver.java:541)
at org.openqa.selenium.remote.ElementLocation$ElementFinder$2.findElement(ElementLocation.java:162)
at org.openqa.selenium.remote.ElementLocation.findElement(ElementLocation.java:60)
at org.openqa.selenium.remote.RemoteWebDriver.findElement(RemoteWebDriver.java:365)
at org.openqa.selenium.remote.RemoteWebDriver.findElement(RemoteWebDriver.java:357)
at crm.pages.ContactsPage.setectContactFromListByName(ContactsPage.java:40)
at tasecases.contactsPageTest.selectMultipleContactTest(contactsPageTest.java:72)
at java.base/java.util.ArrayList.forEach(ArrayList.java:1511)
... Removed 28 stack frames]]>
    </failure>
  </testcase> <!-- selectMultipleContactTest -->
  <testcase classname="tasecases.contactsPageTest" name="validateCreateNewContact" time="8.829"/>
  <testcase classname="tasecases.contactsPageTest" name="validateCreateNewContact" time="8.204"/>
  <testcase classname="tasecases.contactsPageTest" name="validateCreateNewContact" time="8.879"/>
  <testcase classname="tasecases.contactsPageTest" name="validateCreateNewContact" time="8.223"/>
  <testcase classname="tasecases.loginPageTest" name="verifyloginPageTitleTest" time="3.021"/>
  <testcase classname="tasecases.loginPageTest" name="crmLogoTest" time="0.032"/>
  <testcase classname="tasecases.loginPageTest" name="verifyloginTest" time="7.943"/>
  <testcase classname="tasecases.calenderPageTest" name="validateDateSelection" time="8.851"/>
  <testcase classname="tasecases.homePageTest" name="verifyContactsLinkTest" time="1.96"/>
  <testcase classname="tasecases.homePageTest" name="verifyHomepageTitleTest" time="0.007"/>
  <testcase classname="tasecases.homePageTest" name="verifyuserLabelTest" time="0.082"/>
  <testcase classname="tasecases.dealsPageTest" name="verifyLabelOfdealsPage" time="0.038"/>
  <testcase classname="tasecases.dealsPageTest" name="verifyTextMessageOfTypeHelPTest" time="0.753">
    <failure type="java.lang.AssertionError" message="expected [Field Sets are customizable data selectors which are used for various records type. For example, the Stage field in a Deal record is a Field Set. Most Field Sets have a default set of values, but all of them can be customized to fit your needs. To customize a Field Set, open the Setup screen, and select the Field Set option.
Choose the Set you would like to change from the list of sets, and modify the values in the form that will open below.] but found [Field Sets are customizable data selectors which are used for various records type. For example, the Stage field in a Deal record is a Field Set. Most Field Sets have a default set of values, but all of them can be customized to fit your needs. To customize a Field Set, open the Setup screen, and select the Field Set option.
Choose the Set you would like to change from the list of sets, and modify the values in the form that will open below.]">
      <![CDATA[java.lang.AssertionError: expected [Field Sets are customizable data selectors which are used for various records type. For example, the Stage field in a Deal record is a Field Set. Most Field Sets have a default set of values, but all of them can be customized to fit your needs. To customize a Field Set, open the Setup screen, and select the Field Set option.
Choose the Set you would like to change from the list of sets, and modify the values in the form that will open below.] but found [Field Sets are customizable data selectors which are used for various records type. For example, the Stage field in a Deal record is a Field Set. Most Field Sets have a default set of values, but all of them can be customized to fit your needs. To customize a Field Set, open the Setup screen, and select the Field Set option.
Choose the Set you would like to change from the list of sets, and modify the values in the form that will open below.]
at tasecases.dealsPageTest.verifyTextMessageOfTypeHelPTest(dealsPageTest.java:63)
at java.base/java.util.ArrayList.forEach(ArrayList.java:1511)
... Removed 31 stack frames]]>
    </failure>
  </testcase> <!-- verifyTextMessageOfTypeHelPTest -->
  <testcase classname="tasecases.dealsPageTest" name="verifyTitleofdealPageTest" time="0.011"/>
  <testcase classname="tasecases.callPageTest" name="verifyLabelOnCallPage" time="0.0">
    <skipped/>
  </testcase> <!-- verifyLabelOnCallPage -->
  <testcase classname="tasecases.callPageTest" name="verifyTitleOfCallPage" time="0.0">
    <skipped/>
  </testcase> <!-- verifyTitleOfCallPage -->
  <testcase classname="tasecases.callPageTest" name="verifyaddedInformation" time="0.0">
    <skipped/>
  </testcase> <!-- verifyaddedInformation -->
  <testcase classname="tasecases.callPageTest" name="verifyaddedInformation" time="0.0">
    <skipped/>
  </testcase> <!-- verifyaddedInformation -->
  <testcase classname="tasecases.callPageTest" name="verifyaddedInformation" time="0.0">
    <skipped/>
  </testcase> <!-- verifyaddedInformation -->
</testsuite> <!-- crmproTest -->
